|SourceProjectName:rh8_twisty2.hpr
|DestinationProjectName:rh8_twisty2.htm
whutils.js
whver.js
whtopic.js
whlang.js
whxdata\treeviewminus_icon.png
whxdata\treeviewplus_icon.png
whxdata\v_bigfolder_icon.png
whxdata\vista_folder.png
whxdata\vista_topic.png
whfhost.js
RHAIR_fbody.htm
whproj.xml
FlexProj.swf
CSHApp.swf
AC_OETags.js
whxdata\whtoc.xml
whxdata\whidx.xml
whxdata\whglo.xml
whxdata\toc.html
whxdata\index.html
whxdata\glossary.html
whxdata\rssFeed.html
resource\resource.xml
resource\supportedLanguages.xml
resource\search.xml
whbrs.xml
whlang.xml
whcsh.xml
windowslist.xml
rh8_twisty2_hha.hhk
rh8_twisty2.hhc
rh8_twisty2.hhk
twisties_show_hide.htm
images1\arrowdown.gif
images2\arrowdown.gif
images2\arrowright.gif
images1\btnhideall.gif
RoboHHRE.lng
twisty2a.js
rh8_twisty2.glo
grainge.css
images1\btnshowall.gif
images1\arrowright.gif
ehlpdhtm.js
rh8_twisty2.ppf
whxdata\package_0.xml
whxdata\package_1.xml
whxdata\packageindex.xml
whxdata\synonym.xml
whxdata\topictable_0.xml
whxdata\topictableindex.xml
whxdata\whfts.xml
whxdata\whtdata0.xml
rh8_twisty2.htm
